# JRE version: Java(TM) SE Runtime Environment (8.0_162-b12) (build 1.8.0_162-b12)
# Java VM: Java HotSpot(TM) 64-Bit Server VM (25.162-b12 mixed mode windows-amd64 compressed oops)
Heap:
 PSYoungGen      total 75776K, used 51974K [0x000000076ab00000, 0x000000076ff80000, 0x00000007c0000000)
  eden space 65024K, 67% used [0x000000076ab00000,0x000000076d603540,0x000000076ea80000)
  from space 10752K, 73% used [0x000000076f500000,0x000000076fcbe4a8,0x000000076ff80000)
  to   space 10752K, 0% used [0x000000076ea80000,0x000000076ea80000,0x000000076f500000)
 ParOldGen       total 173568K, used 24K [0x00000006c0000000, 0x00000006ca980000, 0x000000076ab00000)
  object space 173568K, 0% used [0x00000006c0000000,0x00000006c0006000,0x00000006ca980000)
 Metaspace       used 16596K, capacity 17348K, committed 17664K, reserved 1064960K
  class space    used 2332K, capacity 2524K, committed 2560K, reserved 1048576K
GC Heap History (4 events):
Event: 1.862 GC heap before
{Heap before GC invocations=1 (full 0):
 PSYoungGen      total 75776K, used 65024K [0x000000076ab00000, 0x000000076ff80000, 0x00000007c0000000)
  eden space 65024K, 100% used [0x000000076ab00000,0x000000076ea80000,0x000000076ea80000)
  from space 10752K, 0% used [0x000000076f500000,0x000000076f500000,0x000000076ff80000)
  to   space 10752K, 0% used [0x000000076ea80000,0x000000076ea80000,0x000000076f500000)
 ParOldGen       total 173568K, used 0K [0x00000006c0000000, 0x00000006ca980000, 0x000000076ab00000)
  object space 173568K, 0% used [0x00000006c0000000,0x00000006c0000000,0x00000006ca980000)
 Metaspace       used 7523K, capacity 7740K, committed 8064K, reserved 1056768K
  class space    used 956K, capacity 1052K, committed 1152K, reserved 1048576K
Event: 1.874 GC heap after
Heap after GC invocations=1 (full 0):
 PSYoungGen      total 75776K, used 6205K [0x000000076ab00000, 0x000000076ff80000, 0x00000007c0000000)
  eden space 65024K, 0% used [0x000000076ab00000,0x000000076ab00000,0x000000076ea80000)
  from space 10752K, 57% used [0x000000076ea80000,0x000000076f08f6c8,0x000000076f500000)
  to   space 10752K, 0% used [0x000000076f500000,0x000000076f500000,0x000000076ff80000)
 ParOldGen       total 173568K, used 16K [0x00000006c0000000, 0x00000006ca980000, 0x000000076ab00000)
  object space 173568K, 0% used [0x00000006c0000000,0x00000006c0004000,0x00000006ca980000)
 Metaspace       used 7523K, capacity 7740K, committed 8064K, reserved 1056768K
  class space    used 956K, capacity 1052K, committed 1152K, reserved 1048576K
}
Event: 4.317 GC heap before
{Heap before GC invocations=2 (full 0):
 PSYoungGen      total 75776K, used 71229K [0x000000076ab00000, 0x000000076ff80000, 0x00000007c0000000)
  eden space 65024K, 100% used [0x000000076ab00000,0x000000076ea80000,0x000000076ea80000)
  from space 10752K, 57% used [0x000000076ea80000,0x000000076f08f6c8,0x000000076f500000)
  to   space 10752K, 0% used [0x000000076f500000,0x000000076f500000,0x000000076ff80000)
 ParOldGen       total 173568K, used 16K [0x00000006c0000000, 0x00000006ca980000, 0x000000076ab00000)
  object space 173568K, 0% used [0x00000006c0000000,0x00000006c0004000,0x00000006ca980000)
 Metaspace       used 12961K, capacity 13362K, committed 13440K, reserved 1060864K
  class space    used 1758K, capacity 1901K, committed 1920K, reserved 1048576K
Event: 4.326 GC heap after
Heap after GC invocations=2 (full 0):
 PSYoungGen      total 75776K, used 7929K [0x000000076ab00000, 0x000000076ff80000, 0x00000007c0000000)
  eden space 65024K, 0% used [0x000000076ab00000,0x000000076ab00000,0x000000076ea80000)
  from space 10752K, 73% used [0x000000076f500000,0x000000076fcbe4a8,0x000000076ff80000)
  to   space 10752K, 0% used [0x000000076ea80000,0x000000076ea80000,0x000000076f500000)
 ParOldGen       total 173568K, used 24K [0x00000006c0000000, 0x00000006ca980000, 0x000000076ab00000)
  object space 173568K, 0% used [0x00000006c0000000,0x00000006c0006000,0x00000006ca980000)
 Metaspace       used 12961K, capacity 13362K, committed 13440K, reserved 1060864K
  class space    used 1758K, capacity 1901K, committed 1920K, reserved 1048576K
}

