# JRE version: OpenJDK Runtime Environment (17.0.7) (build 17.0.7+0-b2043.56-10550314)
# Java VM: OpenJDK 64-Bit Server VM (17.0.7+0-b2043.56-10550314, mixed mode, tiered, compressed oops, compressed class ptrs, g1 gc, windows-amd64)
GC Precious Log:
 CPUs: 12 total, 12 available
 Memory: 16226M
 Large Page Support: Disabled
 NUMA Support: Disabled
 Compressed Oops: Enabled (Zero based)
 Heap Region Size: 2M
 Heap Min Capacity: 8M
 Heap Initial Capacity: 254M
 Heap Max Capacity: 4G
 Pre-touch: Disabled
 Parallel Workers: 10
 Concurrent Workers: 3
 Concurrent Refinement Workers: 10
 Periodic GC: Disabled
Heap:
 garbage-first heap   total 182272K, used 136560K [0x0000000700000000, 0x0000000800000000)
  region size 2048K, 22 young (45056K), 4 survivors (8192K)
 Metaspace       used 98837K, committed 99712K, reserved 1179648K
  class space    used 13830K, committed 14272K, reserved 1048576K
GC Heap History (20 events):
Event: 26.858 GC heap before
{Heap before GC invocations=47 (full 0):
 garbage-first heap   total 131072K, used 101784K [0x0000000700000000, 0x0000000800000000)
  region size 2048K, 15 young (30720K), 2 survivors (4096K)
 Metaspace       used 80485K, committed 81152K, reserved 1179648K
  class space    used 11020K, committed 11328K, reserved 1048576K
}
Event: 26.863 GC heap after
{Heap after GC invocations=48 (full 0):
 garbage-first heap   total 131072K, used 77418K [0x0000000700000000, 0x0000000800000000)
  region size 2048K, 1 young (2048K), 1 survivors (2048K)
 Metaspace       used 80485K, committed 81152K, reserved 1179648K
  class space    used 11020K, committed 11328K, reserved 1048576K
}
Event: 27.378 GC heap before
{Heap before GC invocations=49 (full 0):
 garbage-first heap   total 137216K, used 104042K [0x0000000700000000, 0x0000000800000000)
  region size 2048K, 14 young (28672K), 1 survivors (2048K)
 Metaspace       used 82223K, committed 82944K, reserved 1179648K
  class space    used 11268K, committed 11584K, reserved 1048576K
}
Event: 27.381 GC heap after
{Heap after GC invocations=50 (full 0):
 garbage-first heap   total 137216K, used 78169K [0x0000000700000000, 0x0000000800000000)
  region size 2048K, 2 young (4096K), 2 survivors (4096K)
 Metaspace       used 82223K, committed 82944K, reserved 1179648K
  class space    used 11268K, committed 11584K, reserved 1048576K
}
Event: 27.520 GC heap before
{Heap before GC invocations=50 (full 0):
 garbage-first heap   total 137216K, used 84313K [0x0000000700000000, 0x0000000800000000)
  region size 2048K, 6 young (12288K), 2 survivors (4096K)
 Metaspace       used 82749K, committed 83392K, reserved 1179648K
  class space    used 11376K, committed 11648K, reserved 1048576K
}
Event: 27.523 GC heap after
{Heap after GC invocations=51 (full 0):
 garbage-first heap   total 137216K, used 78442K [0x0000000700000000, 0x0000000800000000)
  region size 2048K, 2 young (4096K), 2 survivors (4096K)
 Metaspace       used 82749K, committed 83392K, reserved 1179648K
  class space    used 11376K, committed 11648K, reserved 1048576K
}
Event: 28.121 GC heap before
{Heap before GC invocations=52 (full 0):
 garbage-first heap   total 147456K, used 111210K [0x0000000700000000, 0x0000000800000000)
  region size 2048K, 17 young (34816K), 2 survivors (4096K)
 Metaspace       used 84710K, committed 85440K, reserved 1179648K
  class space    used 11635K, committed 11968K, reserved 1048576K
}
Event: 28.125 GC heap after
{Heap after GC invocations=53 (full 0):
 garbage-first heap   total 178176K, used 84471K [0x0000000700000000, 0x0000000800000000)
  region size 2048K, 3 young (6144K), 3 survivors (6144K)
 Metaspace       used 84710K, committed 85440K, reserved 1179648K
  class space    used 11635K, committed 11968K, reserved 1048576K
}
Event: 28.933 GC heap before
{Heap before GC invocations=53 (full 0):
 garbage-first heap   total 178176K, used 139767K [0x0000000700000000, 0x0000000800000000)
  region size 2048K, 30 young (61440K), 3 survivors (6144K)
 Metaspace       used 86399K, committed 87104K, reserved 1179648K
  class space    used 11894K, committed 12224K, reserved 1048576K
}
Event: 28.938 GC heap after
{Heap after GC invocations=54 (full 0):
 garbage-first heap   total 178176K, used 88602K [0x0000000700000000, 0x0000000800000000)
  region size 2048K, 4 young (8192K), 4 survivors (8192K)
 Metaspace       used 86399K, committed 87104K, reserved 1179648K
  class space    used 11894K, committed 12224K, reserved 1048576K
}
Event: 29.427 GC heap before
{Heap before GC invocations=54 (full 0):
 garbage-first heap   total 178176K, used 141850K [0x0000000700000000, 0x0000000800000000)
  region size 2048K, 30 young (61440K), 4 survivors (8192K)
 Metaspace       used 86739K, committed 87488K, reserved 1179648K
  class space    used 11944K, committed 12288K, reserved 1048576K
}
Event: 29.433 GC heap after
{Heap after GC invocations=55 (full 0):
 garbage-first heap   total 178176K, used 91546K [0x0000000700000000, 0x0000000800000000)
  region size 2048K, 4 young (8192K), 4 survivors (8192K)
 Metaspace       used 86739K, committed 87488K, reserved 1179648K
  class space    used 11944K, committed 12288K, reserved 1048576K
}
Event: 30.381 GC heap before
{Heap before GC invocations=56 (full 0):
 garbage-first heap   total 178176K, used 140698K [0x0000000700000000, 0x0000000800000000)
  region size 2048K, 29 young (59392K), 4 survivors (8192K)
 Metaspace       used 89964K, committed 90688K, reserved 1179648K
  class space    used 12402K, committed 12736K, reserved 1048576K
}
Event: 30.387 GC heap after
{Heap after GC invocations=57 (full 0):
 garbage-first heap   total 178176K, used 94811K [0x0000000700000000, 0x0000000800000000)
  region size 2048K, 3 young (6144K), 3 survivors (6144K)
 Metaspace       used 89964K, committed 90688K, reserved 1179648K
  class space    used 12402K, committed 12736K, reserved 1048576K
}
Event: 31.204 GC heap before
{Heap before GC invocations=57 (full 0):
 garbage-first heap   total 178176K, used 141915K [0x0000000700000000, 0x0000000800000000)
  region size 2048K, 27 young (55296K), 3 survivors (6144K)
 Metaspace       used 93315K, committed 94080K, reserved 1179648K
  class space    used 13051K, committed 13376K, reserved 1048576K
}
Event: 31.209 GC heap after
{Heap after GC invocations=58 (full 0):
 garbage-first heap   total 178176K, used 96568K [0x0000000700000000, 0x0000000800000000)
  region size 2048K, 3 young (6144K), 3 survivors (6144K)
 Metaspace       used 93315K, committed 94080K, reserved 1179648K
  class space    used 13051K, committed 13376K, reserved 1048576K
}
Event: 31.960 GC heap before
{Heap before GC invocations=59 (full 0):
 garbage-first heap   total 178176K, used 145720K [0x0000000700000000, 0x0000000800000000)
  region size 2048K, 27 young (55296K), 3 survivors (6144K)
 Metaspace       used 95932K, committed 96704K, reserved 1179648K
  class space    used 13431K, committed 13760K, reserved 1048576K
}
Event: 31.967 GC heap after
{Heap after GC invocations=60 (full 0):
 garbage-first heap   total 178176K, used 99387K [0x0000000700000000, 0x0000000800000000)
  region size 2048K, 3 young (6144K), 3 survivors (6144K)
 Metaspace       used 95932K, committed 96704K, reserved 1179648K
  class space    used 13431K, committed 13760K, reserved 1048576K
}
Event: 32.723 GC heap before
{Heap before GC invocations=60 (full 0):
 garbage-first heap   total 178176K, used 146491K [0x0000000700000000, 0x0000000800000000)
  region size 2048K, 26 young (53248K), 3 survivors (6144K)
 Metaspace       used 97626K, committed 98496K, reserved 1179648K
  class space    used 13694K, committed 14080K, reserved 1048576K
}
Event: 32.730 GC heap after
{Heap after GC invocations=61 (full 0):
 garbage-first heap   total 178176K, used 103792K [0x0000000700000000, 0x0000000800000000)
  region size 2048K, 4 young (8192K), 4 survivors (8192K)
 Metaspace       used 97626K, committed 98496K, reserved 1179648K
  class space    used 13694K, committed 14080K, reserved 1048576K
}

