# JRE version: OpenJDK Runtime Environment (17.0.7) (build 17.0.7+0-b2043.56-10550314)
# Java VM: OpenJDK 64-Bit Server VM (17.0.7+0-b2043.56-10550314, mixed mode, tiered, compressed oops, compressed class ptrs, g1 gc, windows-amd64)
GC Precious Log:
 CPUs: 12 total, 12 available
 Memory: 16226M
 Large Page Support: Disabled
 NUMA Support: Disabled
 Compressed Oops: Enabled (Zero based)
 Heap Region Size: 2M
 Heap Min Capacity: 8M
 Heap Initial Capacity: 254M
 Heap Max Capacity: 4G
 Pre-touch: Disabled
 Parallel Workers: 10
 Concurrent Workers: 3
 Concurrent Refinement Workers: 10
 Periodic GC: Disabled
Heap:
 garbage-first heap   total 409600K, used 229031K [0x0000000700000000, 0x0000000800000000)
  region size 2048K, 31 young (63488K), 9 survivors (18432K)
 Metaspace       used 114190K, committed 115456K, reserved 1179648K
  class space    used 15815K, committed 16384K, reserved 1048576K
GC Heap History (20 events):
Event: 22.300 GC heap before
{Heap before GC invocations=33 (full 0):
 garbage-first heap   total 204800K, used 162359K [0x0000000700000000, 0x0000000800000000)
  region size 2048K, 35 young (71680K), 3 survivors (6144K)
 Metaspace       used 95223K, committed 96000K, reserved 1179648K
  class space    used 13302K, committed 13696K, reserved 1048576K
}
Event: 22.305 GC heap after
{Heap after GC invocations=34 (full 0):
 garbage-first heap   total 204800K, used 100914K [0x0000000700000000, 0x0000000800000000)
  region size 2048K, 4 young (8192K), 4 survivors (8192K)
 Metaspace       used 95223K, committed 96000K, reserved 1179648K
  class space    used 13302K, committed 13696K, reserved 1048576K
}
Event: 22.329 GC heap before
{Heap before GC invocations=34 (full 0):
 garbage-first heap   total 204800K, used 102962K [0x0000000700000000, 0x0000000800000000)
  region size 2048K, 5 young (10240K), 4 survivors (8192K)
 Metaspace       used 95363K, committed 96128K, reserved 1179648K
  class space    used 13319K, committed 13696K, reserved 1048576K
}
Event: 22.333 GC heap after
{Heap after GC invocations=35 (full 0):
 garbage-first heap   total 204800K, used 100673K [0x0000000700000000, 0x0000000800000000)
  region size 2048K, 1 young (2048K), 1 survivors (2048K)
 Metaspace       used 95363K, committed 96128K, reserved 1179648K
  class space    used 13319K, committed 13696K, reserved 1048576K
}
Event: 23.015 GC heap before
{Heap before GC invocations=35 (full 0):
 garbage-first heap   total 204800K, used 168257K [0x0000000700000000, 0x0000000800000000)
  region size 2048K, 34 young (69632K), 1 survivors (2048K)
 Metaspace       used 97811K, committed 98688K, reserved 1179648K
  class space    used 13683K, committed 14080K, reserved 1048576K
}
Event: 23.022 GC heap after
{Heap after GC invocations=36 (full 0):
 garbage-first heap   total 204800K, used 105596K [0x0000000700000000, 0x0000000800000000)
  region size 2048K, 3 young (6144K), 3 survivors (6144K)
 Metaspace       used 97811K, committed 98688K, reserved 1179648K
  class space    used 13683K, committed 14080K, reserved 1048576K
}
Event: 23.800 GC heap before
{Heap before GC invocations=36 (full 0):
 garbage-first heap   total 204800K, used 164988K [0x0000000700000000, 0x0000000800000000)
  region size 2048K, 33 young (67584K), 3 survivors (6144K)
 Metaspace       used 100591K, committed 101504K, reserved 1179648K
  class space    used 14086K, committed 14528K, reserved 1048576K
}
Event: 23.807 GC heap after
{Heap after GC invocations=37 (full 0):
 garbage-first heap   total 204800K, used 115291K [0x0000000700000000, 0x0000000800000000)
  region size 2048K, 5 young (10240K), 5 survivors (10240K)
 Metaspace       used 100591K, committed 101504K, reserved 1179648K
  class space    used 14086K, committed 14528K, reserved 1048576K
}
Event: 24.728 GC heap before
{Heap before GC invocations=37 (full 0):
 garbage-first heap   total 204800K, used 166491K [0x0000000700000000, 0x0000000800000000)
  region size 2048K, 30 young (61440K), 5 survivors (10240K)
 Metaspace       used 101577K, committed 102528K, reserved 1179648K
  class space    used 14227K, committed 14656K, reserved 1048576K
}
Event: 24.736 GC heap after
{Heap after GC invocations=38 (full 0):
 garbage-first heap   total 204800K, used 129145K [0x0000000700000000, 0x0000000800000000)
  region size 2048K, 4 young (8192K), 4 survivors (8192K)
 Metaspace       used 101577K, committed 102528K, reserved 1179648K
  class space    used 14227K, committed 14656K, reserved 1048576K
}
Event: 25.285 GC heap before
{Heap before GC invocations=38 (full 0):
 garbage-first heap   total 204800K, used 163961K [0x0000000700000000, 0x0000000800000000)
  region size 2048K, 20 young (40960K), 4 survivors (8192K)
 Metaspace       used 101915K, committed 102976K, reserved 1179648K
  class space    used 14265K, committed 14720K, reserved 1048576K
}
Event: 25.291 GC heap after
{Heap after GC invocations=39 (full 0):
 garbage-first heap   total 204800K, used 144279K [0x0000000700000000, 0x0000000800000000)
  region size 2048K, 3 young (6144K), 3 survivors (6144K)
 Metaspace       used 101915K, committed 102976K, reserved 1179648K
  class space    used 14265K, committed 14720K, reserved 1048576K
}
Event: 25.540 GC heap before
{Heap before GC invocations=39 (full 0):
 garbage-first heap   total 204800K, used 166807K [0x0000000700000000, 0x0000000800000000)
  region size 2048K, 14 young (28672K), 3 survivors (6144K)
 Metaspace       used 102345K, committed 103424K, reserved 1179648K
  class space    used 14318K, committed 14784K, reserved 1048576K
}
Event: 25.546 GC heap after
{Heap after GC invocations=40 (full 0):
 garbage-first heap   total 204800K, used 148594K [0x0000000700000000, 0x0000000800000000)
  region size 2048K, 2 young (4096K), 2 survivors (4096K)
 Metaspace       used 102345K, committed 103424K, reserved 1179648K
  class space    used 14318K, committed 14784K, reserved 1048576K
}
Event: 25.842 GC heap before
{Heap before GC invocations=40 (full 0):
 garbage-first heap   total 204800K, used 169074K [0x0000000700000000, 0x0000000800000000)
  region size 2048K, 12 young (24576K), 2 survivors (4096K)
 Metaspace       used 102560K, committed 103680K, reserved 1179648K
  class space    used 14346K, committed 14848K, reserved 1048576K
}
Event: 25.849 GC heap after
{Heap after GC invocations=41 (full 0):
 garbage-first heap   total 409600K, used 152186K [0x0000000700000000, 0x0000000800000000)
  region size 2048K, 2 young (4096K), 2 survivors (4096K)
 Metaspace       used 102560K, committed 103680K, reserved 1179648K
  class space    used 14346K, committed 14848K, reserved 1048576K
}
Event: 27.492 GC heap before
{Heap before GC invocations=41 (full 0):
 garbage-first heap   total 409600K, used 295546K [0x0000000700000000, 0x0000000800000000)
  region size 2048K, 72 young (147456K), 2 survivors (4096K)
 Metaspace       used 109898K, committed 111040K, reserved 1179648K
  class space    used 15351K, committed 15872K, reserved 1048576K
}
Event: 27.507 GC heap after
{Heap after GC invocations=42 (full 0):
 garbage-first heap   total 409600K, used 168022K [0x0000000700000000, 0x0000000800000000)
  region size 2048K, 9 young (18432K), 9 survivors (18432K)
 Metaspace       used 109898K, committed 111040K, reserved 1179648K
  class space    used 15351K, committed 15872K, reserved 1048576K
}
Event: 28.758 GC heap before
{Heap before GC invocations=42 (full 0):
 garbage-first heap   total 409600K, used 294998K [0x0000000700000000, 0x0000000800000000)
  region size 2048K, 72 young (147456K), 9 survivors (18432K)
 Metaspace       used 114004K, committed 115264K, reserved 1179648K
  class space    used 15789K, committed 16320K, reserved 1048576K
}
Event: 28.778 GC heap after
{Heap after GC invocations=43 (full 0):
 garbage-first heap   total 409600K, used 186023K [0x0000000700000000, 0x0000000800000000)
  region size 2048K, 9 young (18432K), 9 survivors (18432K)
 Metaspace       used 114004K, committed 115264K, reserved 1179648K
  class space    used 15789K, committed 16320K, reserved 1048576K
}

